2021-10-19 10:21:05 INFO  StudentReader:21 - Introduce un nombre de alumno
2021-10-19 10:21:09 INFO  StudentReader:23 - Introduce el apellido
2021-10-19 10:21:14 INFO  StudentReader:25 - Introduce el StudentNif
2021-10-20 11:07:30 INFO  InstitutoReader:23 - Introduce el nombre de el Intituto
2021-10-20 11:07:47 INFO  InstitutoReader:25 - Introduce el numero de grupos a mostrar
2021-10-20 11:07:50 INFO  StudentReader:23 - Introduce la letra
2021-10-20 11:07:50 INFO  StudentReader:25 - Introduce el curso
2021-10-20 11:09:36 INFO  InstitutoReader:23 - Introduce el nombre de el Intituto
2021-10-20 11:09:43 INFO  InstitutoReader:25 - Introduce el numero de grupos a mostrar
2021-10-20 11:09:46 INFO  StudentReader:23 - Introduce la letra
2021-10-20 11:09:50 INFO  StudentReader:25 - Introduce el curso
2021-10-20 11:09:58 INFO  StudentReader:27 - Introduce el numero de estudiantes a mostrar
2021-10-20 11:10:03 INFO  StudentReader:21 - Introduce un nombre de alumno
2021-10-20 11:10:16 INFO  StudentReader:23 - Introduce el apellido
2021-10-20 11:10:22 INFO  StudentReader:25 - Introduce el StudentNif
2021-10-20 11:10:27 INFO  StudentReader:23 - Introduce la letra
2021-10-20 11:10:32 INFO  StudentReader:25 - Introduce el curso
2021-10-20 11:10:35 INFO  StudentReader:27 - Introduce el numero de estudiantes a mostrar
2021-10-20 11:10:38 INFO  StudentReader:21 - Introduce un nombre de alumno
2021-10-20 11:10:41 INFO  StudentReader:23 - Introduce el apellido
2021-10-20 11:10:47 INFO  StudentReader:25 - Introduce el StudentNif
2021-10-20 11:10:52 INFO  Main:18 - Instituto{higthSchoolName='Federica', groups=[Group{letter='A', course='DAM', students=[Student{name='raul', surname='carpitero', nif='62321P'}]}, Group{letter='B', course='DAM', students=[Student{name='Pepe', surname='Jolius', nif='746734K'}]}]}
2021-10-20 11:56:34 INFO  InstitutoReader:24 - Introduce el nombre de el Intituto
2021-10-20 11:56:42 INFO  InstitutoReader:26 - Introduce el numero de grupos a mostrar
2021-10-20 11:57:14 INFO  InstitutoReader:24 - Introduce el nombre de el Intituto
2021-10-20 11:57:18 INFO  InstitutoReader:26 - Introduce el numero de grupos a mostrar
2021-10-20 11:57:51 INFO  InstitutoReader:24 - Introduce el nombre de el Intituto
2021-10-20 11:57:55 INFO  InstitutoReader:26 - Introduce el numero de grupos a mostrar
2021-10-20 12:01:19 WARN  AnnotationConfigApplicationContext:591 - Exception encountered during context initialization - cancelling refresh attempt: org.springframework.beans.factory.UnsatisfiedDependencyException: Error creating bean with name 'groupReader' defined in org.iesfm.intituto.InstitutoConfiguration: Unsatisfied dependency expressed through method 'groupReader' parameter 2; nested exception is org.springframework.beans.factory.NoSuchBeanDefinitionException: No qualifying bean of type 'org.iesfm.intituto.ScannerUtils' available: expected at least 1 bean which qualifies as autowire candidate. Dependency annotations: {}
2021-10-20 12:02:23 INFO  InstitutoReader:25 - Introduce el nombre de el Intituto
2021-10-20 12:02:28 INFO  InstitutoReader:27 - Introduce el numero de grupos a mostrar
2021-10-20 12:02:28 INFO  ScannerUtils:19 - Introduce un numero positivo
2021-10-20 12:02:39 INFO  StudentReader:25 - Introduce la letra
2021-10-20 12:02:44 INFO  StudentReader:27 - Introduce el curso
2021-10-20 12:02:47 INFO  StudentReader:29 - Introduce el numero de estudiantes a mostrar
2021-10-20 12:02:47 INFO  ScannerUtils:19 - Introduce un numero positivo
2021-10-20 12:02:54 INFO  StudentReader:21 - Introduce un nombre de alumno
2021-10-20 12:02:57 INFO  StudentReader:23 - Introduce el apellido
2021-10-20 12:03:00 INFO  StudentReader:25 - Introduce el StudentNif
2021-10-20 12:03:04 INFO  Main:18 - Instituto{higthSchoolName='Federica', groups=[Group{letter='Y', course='DAM', students=[Student{name='Raul', surname='Pepino', nif='2646324P'}]}]}
2021-10-20 12:25:43 INFO  InstitutoReader:25 - Introduce el nombre de el Intituto
2021-10-20 12:25:47 INFO  InstitutoReader:27 - Introduce el numero de grupos a mostrar
2021-10-20 12:25:47 INFO  ScannerUtils:30 - Introduce un numero positivo
2021-10-20 12:26:05 INFO  InstitutoReader:25 - Introduce el nombre de el Intituto
2021-10-20 12:26:09 INFO  InstitutoReader:27 - Introduce el numero de grupos a mostrar
2021-10-20 12:26:09 INFO  ScannerUtils:30 - Introduce un numero positivo
2021-10-20 12:26:13 INFO  StudentReader:25 - Introduce la letra
2021-10-20 12:26:16 INFO  StudentReader:27 - Introduce el curso
2021-10-20 12:26:18 INFO  StudentReader:29 - Introduce el numero de estudiantes a mostrar
2021-10-20 12:26:18 INFO  ScannerUtils:30 - Introduce un numero positivo
2021-10-20 12:44:34 INFO  InstitutoReader:25 - Introduce el nombre de el Intituto
2021-10-20 12:44:38 INFO  InstitutoReader:27 - Introduce el numero de grupos a mostrar
2021-10-20 12:44:38 INFO  ScannerUtils:39 - Introduce un numero positivo
2021-10-20 12:44:39 ERROR ScannerUtils:28 - Error, no es un número
2021-10-20 12:44:41 ERROR ScannerUtils:28 - Error, no es un número
2021-10-20 12:44:42 ERROR ScannerUtils:28 - Error, no es un número
2021-10-20 12:44:43 ERROR ScannerUtils:28 - Error, no es un número
2021-10-20 12:44:44 ERROR ScannerUtils:28 - Error, no es un número
2021-10-20 12:44:44 ERROR ScannerUtils:28 - Error, no es un número
2021-10-20 12:44:48 INFO  ScannerUtils:43 - Introduce un numero positivo
2021-10-20 12:44:52 INFO  StudentReader:25 - Introduce la letra
2021-10-20 12:44:52 INFO  StudentReader:27 - Introduce el curso
